{"/Users/juliancanderson/Documents/1 - Projects/XenElectronic/backend/app.js": {"path":"/Users/juliancanderson/Documents/1 - Projects/XenElectronic/backend/app.js","statementMap":{"0":{"start":{"line":1,"column":16},"end":{"line":1,"column":34}},"1":{"start":{"line":2,"column":13},"end":{"line":2,"column":28}},"2":{"start":{"line":3,"column":21},"end":{"line":3,"column":45}},"3":{"start":{"line":4,"column":15},"end":{"line":4,"column":32}},"4":{"start":{"line":6,"column":13},"end":{"line":6,"column":28}},"5":{"start":{"line":8,"column":20},"end":{"line":8,"column":49}},"6":{"start":{"line":9,"column":23},"end":{"line":9,"column":55}},"7":{"start":{"line":10,"column":25},"end":{"line":10,"column":59}},"8":{"start":{"line":12,"column":12},"end":{"line":12,"column":21}},"9":{"start":{"line":14,"column":0},"end":{"line":14,"column":15}},"10":{"start":{"line":15,"column":0},"end":{"line":15,"column":23}},"11":{"start":{"line":16,"column":0},"end":{"line":16,"column":24}},"12":{"start":{"line":17,"column":0},"end":{"line":17,"column":49}},"13":{"start":{"line":18,"column":0},"end":{"line":18,"column":24}},"14":{"start":{"line":19,"column":0},"end":{"line":19,"column":56}},"15":{"start":{"line":21,"column":0},"end":{"line":21,"column":26}},"16":{"start":{"line":22,"column":0},"end":{"line":22,"column":37}},"17":{"start":{"line":23,"column":0},"end":{"line":23,"column":41}},"18":{"start":{"line":32,"column":0},"end":{"line":32,"column":21}}},"fnMap":{},"branchMap":{},"s":{"0":1,"1":1,"2":1,"3":1,"4":1,"5":1,"6":1,"7":1,"8":1,"9":1,"10":1,"11":1,"12":1,"13":1,"14":1,"15":1,"16":1,"17":1,"18":1},"f":{},"b":{},"_coverageSchema":"1a1c01bbd47fc00a2c39e90264f33305004495a9","hash":"36410297832571bad37135e0486f9a77ba31556b"}
,"/Users/juliancanderson/Documents/1 - Projects/XenElectronic/backend/src/controllers/categories.js": {"path":"/Users/juliancanderson/Documents/1 - Projects/XenElectronic/backend/src/controllers/categories.js","statementMap":{"0":{"start":{"line":1,"column":15},"end":{"line":1,"column":38}},"1":{"start":{"line":2,"column":13},"end":{"line":2,"column":28}},"2":{"start":{"line":4,"column":0},"end":{"line":92,"column":1}},"3":{"start":{"line":6,"column":4},"end":{"line":15,"column":5}},"4":{"start":{"line":7,"column":25},"end":{"line":7,"column":56}},"5":{"start":{"line":8,"column":6},"end":{"line":10,"column":8}},"6":{"start":{"line":12,"column":6},"end":{"line":14,"column":8}},"7":{"start":{"line":18,"column":15},"end":{"line":18,"column":28}},"8":{"start":{"line":19,"column":4},"end":{"line":39,"column":5}},"9":{"start":{"line":20,"column":23},"end":{"line":24,"column":8}},"10":{"start":{"line":26,"column":6},"end":{"line":31,"column":7}},"11":{"start":{"line":27,"column":8},"end":{"line":29,"column":10}},"12":{"start":{"line":30,"column":8},"end":{"line":30,"column":14}},"13":{"start":{"line":32,"column":6},"end":{"line":34,"column":8}},"14":{"start":{"line":36,"column":6},"end":{"line":38,"column":8}},"15":{"start":{"line":42,"column":21},"end":{"line":42,"column":29}},"16":{"start":{"line":43,"column":4},"end":{"line":52,"column":5}},"17":{"start":{"line":44,"column":6},"end":{"line":44,"column":105}},"18":{"start":{"line":45,"column":6},"end":{"line":47,"column":8}},"19":{"start":{"line":49,"column":6},"end":{"line":51,"column":8}},"20":{"start":{"line":55,"column":21},"end":{"line":55,"column":29}},"21":{"start":{"line":56,"column":19},"end":{"line":56,"column":29}},"22":{"start":{"line":58,"column":4},"end":{"line":70,"column":5}},"23":{"start":{"line":59,"column":6},"end":{"line":61,"column":9}},"24":{"start":{"line":63,"column":6},"end":{"line":65,"column":8}},"25":{"start":{"line":67,"column":6},"end":{"line":69,"column":8}},"26":{"start":{"line":73,"column":19},"end":{"line":73,"column":29}},"27":{"start":{"line":75,"column":4},"end":{"line":90,"column":5}},"28":{"start":{"line":76,"column":6},"end":{"line":81,"column":8}},"29":{"start":{"line":83,"column":6},"end":{"line":85,"column":8}},"30":{"start":{"line":87,"column":6},"end":{"line":89,"column":8}}},"fnMap":{"0":{"name":"(anonymous_0)","decl":{"start":{"line":5,"column":2},"end":{"line":5,"column":3}},"loc":{"start":{"line":5,"column":25},"end":{"line":16,"column":3}},"line":5},"1":{"name":"(anonymous_1)","decl":{"start":{"line":17,"column":2},"end":{"line":17,"column":3}},"loc":{"start":{"line":17,"column":27},"end":{"line":40,"column":3}},"line":17},"2":{"name":"(anonymous_2)","decl":{"start":{"line":41,"column":2},"end":{"line":41,"column":3}},"loc":{"start":{"line":41,"column":26},"end":{"line":53,"column":3}},"line":41},"3":{"name":"(anonymous_3)","decl":{"start":{"line":54,"column":2},"end":{"line":54,"column":3}},"loc":{"start":{"line":54,"column":26},"end":{"line":71,"column":3}},"line":54},"4":{"name":"(anonymous_4)","decl":{"start":{"line":72,"column":2},"end":{"line":72,"column":3}},"loc":{"start":{"line":72,"column":26},"end":{"line":91,"column":3}},"line":72}},"branchMap":{"0":{"loc":{"start":{"line":26,"column":6},"end":{"line":31,"column":7}},"type":"if","locations":[{"start":{"line":26,"column":6},"end":{"line":31,"column":7}},{"start":{"line":26,"column":6},"end":{"line":31,"column":7}}],"line":26}},"s":{"0":2,"1":2,"2":2,"3":3,"4":3,"5":2,"6":1,"7":3,"8":3,"9":3,"10":2,"11":1,"12":1,"13":1,"14":1,"15":2,"16":2,"17":2,"18":1,"19":1,"20":2,"21":2,"22":2,"23":2,"24":1,"25":1,"26":2,"27":2,"28":2,"29":1,"30":1},"f":{"0":3,"1":3,"2":2,"3":2,"4":2},"b":{"0":[1,1]},"_coverageSchema":"1a1c01bbd47fc00a2c39e90264f33305004495a9","hash":"36213c7ca2d3a36cbd956af52803ac240380e007"}
,"/Users/juliancanderson/Documents/1 - Projects/XenElectronic/backend/src/controllers/products.js": {"path":"/Users/juliancanderson/Documents/1 - Projects/XenElectronic/backend/src/controllers/products.js","statementMap":{"0":{"start":{"line":1,"column":13},"end":{"line":1,"column":28}},"1":{"start":{"line":2,"column":15},"end":{"line":2,"column":44}},"2":{"start":{"line":4,"column":0},"end":{"line":122,"column":1}},"3":{"start":{"line":8,"column":4},"end":{"line":27,"column":5}},"4":{"start":{"line":9,"column":6},"end":{"line":18,"column":7}},"5":{"start":{"line":20,"column":6},"end":{"line":26,"column":7}},"6":{"start":{"line":28,"column":4},"end":{"line":37,"column":5}},"7":{"start":{"line":29,"column":23},"end":{"line":29,"column":60}},"8":{"start":{"line":30,"column":6},"end":{"line":32,"column":8}},"9":{"start":{"line":34,"column":6},"end":{"line":36,"column":8}},"10":{"start":{"line":40,"column":15},"end":{"line":40,"column":28}},"11":{"start":{"line":41,"column":4},"end":{"line":66,"column":5}},"12":{"start":{"line":42,"column":22},"end":{"line":51,"column":8}},"13":{"start":{"line":53,"column":6},"end":{"line":58,"column":7}},"14":{"start":{"line":54,"column":8},"end":{"line":56,"column":10}},"15":{"start":{"line":57,"column":8},"end":{"line":57,"column":14}},"16":{"start":{"line":59,"column":6},"end":{"line":61,"column":8}},"17":{"start":{"line":63,"column":6},"end":{"line":65,"column":8}},"18":{"start":{"line":69,"column":61},"end":{"line":69,"column":69}},"19":{"start":{"line":70,"column":4},"end":{"line":79,"column":5}},"20":{"start":{"line":71,"column":6},"end":{"line":71,"column":144}},"21":{"start":{"line":72,"column":6},"end":{"line":74,"column":8}},"22":{"start":{"line":76,"column":6},"end":{"line":78,"column":8}},"23":{"start":{"line":82,"column":49},"end":{"line":82,"column":57}},"24":{"start":{"line":83,"column":19},"end":{"line":83,"column":29}},"25":{"start":{"line":85,"column":4},"end":{"line":100,"column":5}},"26":{"start":{"line":86,"column":6},"end":{"line":91,"column":8}},"27":{"start":{"line":93,"column":6},"end":{"line":95,"column":8}},"28":{"start":{"line":97,"column":6},"end":{"line":99,"column":8}},"29":{"start":{"line":103,"column":19},"end":{"line":103,"column":29}},"30":{"start":{"line":105,"column":4},"end":{"line":120,"column":5}},"31":{"start":{"line":106,"column":6},"end":{"line":111,"column":8}},"32":{"start":{"line":113,"column":6},"end":{"line":115,"column":8}},"33":{"start":{"line":117,"column":6},"end":{"line":119,"column":8}}},"fnMap":{"0":{"name":"(anonymous_0)","decl":{"start":{"line":5,"column":2},"end":{"line":5,"column":3}},"loc":{"start":{"line":5,"column":27},"end":{"line":38,"column":3}},"line":5},"1":{"name":"(anonymous_1)","decl":{"start":{"line":39,"column":2},"end":{"line":39,"column":3}},"loc":{"start":{"line":39,"column":27},"end":{"line":67,"column":3}},"line":39},"2":{"name":"(anonymous_2)","decl":{"start":{"line":68,"column":2},"end":{"line":68,"column":3}},"loc":{"start":{"line":68,"column":26},"end":{"line":80,"column":3}},"line":68},"3":{"name":"(anonymous_3)","decl":{"start":{"line":81,"column":2},"end":{"line":81,"column":3}},"loc":{"start":{"line":81,"column":26},"end":{"line":101,"column":3}},"line":81},"4":{"name":"(anonymous_4)","decl":{"start":{"line":102,"column":2},"end":{"line":102,"column":3}},"loc":{"start":{"line":102,"column":26},"end":{"line":121,"column":3}},"line":102}},"branchMap":{"0":{"loc":{"start":{"line":8,"column":4},"end":{"line":27,"column":5}},"type":"if","locations":[{"start":{"line":8,"column":4},"end":{"line":27,"column":5}},{"start":{"line":8,"column":4},"end":{"line":27,"column":5}}],"line":8},"1":{"loc":{"start":{"line":53,"column":6},"end":{"line":58,"column":7}},"type":"if","locations":[{"start":{"line":53,"column":6},"end":{"line":58,"column":7}},{"start":{"line":53,"column":6},"end":{"line":58,"column":7}}],"line":53}},"s":{"0":2,"1":2,"2":2,"3":3,"4":2,"5":1,"6":3,"7":3,"8":2,"9":1,"10":3,"11":3,"12":3,"13":2,"14":1,"15":1,"16":1,"17":1,"18":2,"19":2,"20":2,"21":1,"22":1,"23":2,"24":2,"25":2,"26":2,"27":1,"28":1,"29":2,"30":2,"31":2,"32":1,"33":1},"f":{"0":3,"1":3,"2":2,"3":2,"4":2},"b":{"0":[2,1],"1":[1,1]},"_coverageSchema":"1a1c01bbd47fc00a2c39e90264f33305004495a9","hash":"c018c6c47d838decedf63c93cecd219a2ee0ce76"}
,"/Users/juliancanderson/Documents/1 - Projects/XenElectronic/backend/src/routes/categories.js": {"path":"/Users/juliancanderson/Documents/1 - Projects/XenElectronic/backend/src/routes/categories.js","statementMap":{"0":{"start":{"line":1,"column":16},"end":{"line":1,"column":34}},"1":{"start":{"line":2,"column":15},"end":{"line":2,"column":31}},"2":{"start":{"line":4,"column":52},"end":{"line":4,"column":88}},"3":{"start":{"line":6,"column":0},"end":{"line":6,"column":24}},"4":{"start":{"line":7,"column":0},"end":{"line":7,"column":28}},"5":{"start":{"line":8,"column":0},"end":{"line":8,"column":25}},"6":{"start":{"line":9,"column":0},"end":{"line":9,"column":27}},"7":{"start":{"line":10,"column":0},"end":{"line":10,"column":30}},"8":{"start":{"line":12,"column":0},"end":{"line":12,"column":24}}},"fnMap":{},"branchMap":{},"s":{"0":1,"1":1,"2":1,"3":1,"4":1,"5":1,"6":1,"7":1,"8":1},"f":{},"b":{},"_coverageSchema":"1a1c01bbd47fc00a2c39e90264f33305004495a9","hash":"e14b18a4dcbcaff4395eeceb68f6e9d2f11c8192"}
,"/Users/juliancanderson/Documents/1 - Projects/XenElectronic/backend/src/routes/index.js": {"path":"/Users/juliancanderson/Documents/1 - Projects/XenElectronic/backend/src/routes/index.js","statementMap":{"0":{"start":{"line":1,"column":16},"end":{"line":1,"column":34}},"1":{"start":{"line":2,"column":15},"end":{"line":2,"column":31}},"2":{"start":{"line":5,"column":0},"end":{"line":9,"column":3}},"3":{"start":{"line":6,"column":2},"end":{"line":8,"column":5}},"4":{"start":{"line":11,"column":0},"end":{"line":11,"column":24}}},"fnMap":{"0":{"name":"(anonymous_0)","decl":{"start":{"line":5,"column":16},"end":{"line":5,"column":17}},"loc":{"start":{"line":5,"column":30},"end":{"line":9,"column":1}},"line":5}},"branchMap":{},"s":{"0":1,"1":1,"2":1,"3":1,"4":1},"f":{"0":1},"b":{},"_coverageSchema":"1a1c01bbd47fc00a2c39e90264f33305004495a9","hash":"00c5e75e9fc5770e848611f976a93b5db1e5d49a"}
,"/Users/juliancanderson/Documents/1 - Projects/XenElectronic/backend/src/routes/products.js": {"path":"/Users/juliancanderson/Documents/1 - Projects/XenElectronic/backend/src/routes/products.js","statementMap":{"0":{"start":{"line":1,"column":16},"end":{"line":1,"column":34}},"1":{"start":{"line":2,"column":15},"end":{"line":2,"column":31}},"2":{"start":{"line":4,"column":52},"end":{"line":4,"column":86}},"3":{"start":{"line":6,"column":0},"end":{"line":6,"column":24}},"4":{"start":{"line":7,"column":0},"end":{"line":7,"column":28}},"5":{"start":{"line":8,"column":0},"end":{"line":8,"column":25}},"6":{"start":{"line":9,"column":0},"end":{"line":9,"column":27}},"7":{"start":{"line":10,"column":0},"end":{"line":10,"column":30}},"8":{"start":{"line":12,"column":0},"end":{"line":12,"column":24}}},"fnMap":{},"branchMap":{},"s":{"0":1,"1":1,"2":1,"3":1,"4":1,"5":1,"6":1,"7":1,"8":1},"f":{},"b":{},"_coverageSchema":"1a1c01bbd47fc00a2c39e90264f33305004495a9","hash":"8f173aeb771eb1144d3b8844fdf7714ea1d0e007"}
}
