TN:
SF:app.js
FNF:0
FNH:0
DA:1,1
DA:2,1
DA:3,1
DA:4,1
DA:6,1
DA:8,1
DA:9,1
DA:10,1
DA:12,1
DA:14,1
DA:15,1
DA:16,1
DA:17,1
DA:18,1
DA:19,1
DA:21,1
DA:22,1
DA:23,1
DA:32,1
LF:19
LH:19
BRF:0
BRH:0
end_of_record
TN:
SF:src/controllers/categories.js
FN:5,(anonymous_0)
FN:17,(anonymous_1)
FN:41,(anonymous_2)
FN:54,(anonymous_3)
FN:72,(anonymous_4)
FNF:5
FNH:5
FNDA:3,(anonymous_0)
FNDA:3,(anonymous_1)
FNDA:2,(anonymous_2)
FNDA:2,(anonymous_3)
FNDA:2,(anonymous_4)
DA:1,2
DA:2,2
DA:4,2
DA:6,3
DA:7,3
DA:8,2
DA:12,1
DA:18,3
DA:19,3
DA:20,3
DA:26,2
DA:27,1
DA:30,1
DA:32,1
DA:36,1
DA:42,2
DA:43,2
DA:44,2
DA:45,1
DA:49,1
DA:55,2
DA:56,2
DA:58,2
DA:59,2
DA:63,1
DA:67,1
DA:73,2
DA:75,2
DA:76,2
DA:83,1
DA:87,1
LF:31
LH:31
BRDA:26,0,0,1
BRDA:26,0,1,1
BRF:2
BRH:2
end_of_record
TN:
SF:src/controllers/products.js
FN:5,(anonymous_0)
FN:39,(anonymous_1)
FN:68,(anonymous_2)
FN:81,(anonymous_3)
FN:102,(anonymous_4)
FNF:5
FNH:5
FNDA:3,(anonymous_0)
FNDA:3,(anonymous_1)
FNDA:2,(anonymous_2)
FNDA:2,(anonymous_3)
FNDA:2,(anonymous_4)
DA:1,2
DA:2,2
DA:4,2
DA:8,3
DA:9,2
DA:20,1
DA:28,3
DA:29,3
DA:30,2
DA:34,1
DA:40,3
DA:41,3
DA:42,3
DA:53,2
DA:54,1
DA:57,1
DA:59,1
DA:63,1
DA:69,2
DA:70,2
DA:71,2
DA:72,1
DA:76,1
DA:82,2
DA:83,2
DA:85,2
DA:86,2
DA:93,1
DA:97,1
DA:103,2
DA:105,2
DA:106,2
DA:113,1
DA:117,1
LF:34
LH:34
BRDA:8,0,0,2
BRDA:8,0,1,1
BRDA:53,1,0,1
BRDA:53,1,1,1
BRF:4
BRH:4
end_of_record
TN:
SF:src/routes/categories.js
FNF:0
FNH:0
DA:1,1
DA:2,1
DA:4,1
DA:6,1
DA:7,1
DA:8,1
DA:9,1
DA:10,1
DA:12,1
LF:9
LH:9
BRF:0
BRH:0
end_of_record
TN:
SF:src/routes/index.js
FN:5,(anonymous_0)
FNF:1
FNH:1
FNDA:1,(anonymous_0)
DA:1,1
DA:2,1
DA:5,1
DA:6,1
DA:11,1
LF:5
LH:5
BRF:0
BRH:0
end_of_record
TN:
SF:src/routes/products.js
FNF:0
FNH:0
DA:1,1
DA:2,1
DA:4,1
DA:6,1
DA:7,1
DA:8,1
DA:9,1
DA:10,1
DA:12,1
LF:9
LH:9
BRF:0
BRH:0
end_of_record
